

Microchip MPLAB XC8 Assembler V2.45 build 20230818022343 
                                                                                               Mon Dec 11 16:42:22 2023

Microchip MPLAB XC8 C Compiler v2.45 (Free license) build 20230818022343 Og1 
     1                           	processor	12F1840
     2                           	pagewidth 120
     3                           	opt	flic
     4                           	psect	stringtext1,global,class=STRCODE,delta=2,noexec
     5                           	psect	cinit,global,class=CODE,merge=1,delta=2
     6                           	psect	cstackCOMMON,global,class=COMMON,space=1,delta=1,noexec
     7                           	psect	maintext,global,class=CODE,merge=1,split=1,delta=2
     8                           	psect	text1,local,class=CODE,merge=1,delta=2
     9                           	psect	text2,local,class=CODE,merge=1,delta=2
    10                           	psect	text3,local,class=CODE,merge=1,delta=2
    11                           	psect	text4,local,class=CODE,merge=1,delta=2
    12                           	psect	text5,local,class=CODE,merge=1,delta=2
    13                           	psect	config,global,abs,ovrld,class=CONFIG,space=4,delta=2,noexec
    14                           	dabs	1,0x7E,2
    15     0000                     
    16                           ; Generated 07/09/2023 GMT
    17                           ; 
    18                           ; Copyright © 2023, Microchip Technology Inc. and its subsidiaries ("Microchip")
    19                           ; All rights reserved.
    20                           ; 
    21                           ; This software is developed by Microchip Technology Inc. and its subsidiaries ("Microch
      +                          ip").
    22                           ; 
    23                           ; Redistribution and use in source and binary forms, with or without modification, are
    24                           ; permitted provided that the following conditions are met:
    25                           ; 
    26                           ;     1. Redistributions of source code must retain the above copyright notice, this lis
      +                          t of
    27                           ;        conditions and the following disclaimer.
    28                           ; 
    29                           ;     2. Redistributions in binary form must reproduce the above copyright notice, this 
      +                          list
    30                           ;        of conditions and the following disclaimer in the documentation and/or other
    31                           ;        materials provided with the distribution. Publication is not required when
    32                           ;        this file is used in an embedded application.
    33                           ; 
    34                           ;     3. Microchip's name may not be used to endorse or promote products derived from th
      +                          is
    35                           ;        software without specific prior written permission.
    36                           ; 
    37                           ; THIS SOFTWARE IS PROVIDED BY MICROCHIP "AS IS" AND ANY EXPRESS OR IMPLIED WARRANTIES,
    38                           ; INCLUDING, BUT NOT LIMITED TO, THE IMPLIED WARRANTIES OF MERCHANTABILITY AND FITNESS F
      +                          OR
    39                           ; PURPOSE ARE DISCLAIMED.  IN NO EVENT SHALL MICROCHIP BE LIABLE FOR ANY DIRECT, INDIREC
      +                          T,
    40                           ; INCIDENTAL, SPECIAL, EXEMPLARY, OR CONSEQUENTIAL DAMAGES (INCLUDING BUT NOT LIMITED TO
    41                           ; PROCUREMENT OF SUBSTITUTE GOODS OR SERVICES; LOSS OF USE, DATA OR PROFITS; OR BUSINESS
    42                           ; INTERRUPTION) HOWSOEVER CAUSED AND ON ANY THEORY OF LIABILITY, WHETHER IN CONTRACT, ST
      +                          RICT
    43                           ; LIABILITY, OR TORT (INCLUDING NEGLIGENCE OR OTHERWISE) ARISING IN ANY WAY OUT OF THE U
      +                          SE OF
    44                           ; THIS SOFTWARE, EVEN IF ADVISED OF THE POSSIBILITY OF SUCH DAMAGE.
    45                           ; 
    46                           ; 
    47                           ; Code-generator required, PIC12F1840 Definitions
    48                           ; 
    49                           ; SFR Addresses
    50     0000                     	;# 
    51     0001                     	;# 
    52     0002                     	;# 
    53     0003                     	;# 
    54     0004                     	;# 
    55     0005                     	;# 
    56     0006                     	;# 
    57     0007                     	;# 
    58     0008                     	;# 
    59     0009                     	;# 
    60     000A                     	;# 
    61     000B                     	;# 
    62     000C                     	;# 
    63     0011                     	;# 
    64     0012                     	;# 
    65     0015                     	;# 
    66     0016                     	;# 
    67     0016                     	;# 
    68     0017                     	;# 
    69     0018                     	;# 
    70     0019                     	;# 
    71     001A                     	;# 
    72     001B                     	;# 
    73     001C                     	;# 
    74     001E                     	;# 
    75     001F                     	;# 
    76     008C                     	;# 
    77     0091                     	;# 
    78     0092                     	;# 
    79     0095                     	;# 
    80     0096                     	;# 
    81     0097                     	;# 
    82     0098                     	;# 
    83     0099                     	;# 
    84     009A                     	;# 
    85     009B                     	;# 
    86     009B                     	;# 
    87     009C                     	;# 
    88     009D                     	;# 
    89     009E                     	;# 
    90     010C                     	;# 
    91     0111                     	;# 
    92     0112                     	;# 
    93     0115                     	;# 
    94     0116                     	;# 
    95     0117                     	;# 
    96     0118                     	;# 
    97     0119                     	;# 
    98     011A                     	;# 
    99     011B                     	;# 
   100     011D                     	;# 
   101     011D                     	;# 
   102     018C                     	;# 
   103     0191                     	;# 
   104     0191                     	;# 
   105     0192                     	;# 
   106     0193                     	;# 
   107     0193                     	;# 
   108     0193                     	;# 
   109     0194                     	;# 
   110     0195                     	;# 
   111     0196                     	;# 
   112     0197                     	;# 
   113     0199                     	;# 
   114     019A                     	;# 
   115     019B                     	;# 
   116     019B                     	;# 
   117     019B                     	;# 
   118     019B                     	;# 
   119     019C                     	;# 
   120     019C                     	;# 
   121     019D                     	;# 
   122     019E                     	;# 
   123     019F                     	;# 
   124     020C                     	;# 
   125     0211                     	;# 
   126     0211                     	;# 
   127     0212                     	;# 
   128     0212                     	;# 
   129     0213                     	;# 
   130     0213                     	;# 
   131     0214                     	;# 
   132     0214                     	;# 
   133     0215                     	;# 
   134     0215                     	;# 
   135     0215                     	;# 
   136     0216                     	;# 
   137     0216                     	;# 
   138     0217                     	;# 
   139     0217                     	;# 
   140     0291                     	;# 
   141     0291                     	;# 
   142     0292                     	;# 
   143     0293                     	;# 
   144     0294                     	;# 
   145     0295                     	;# 
   146     0295                     	;# 
   147     0296                     	;# 
   148     0391                     	;# 
   149     0392                     	;# 
   150     0393                     	;# 
   151     039A                     	;# 
   152     039C                     	;# 
   153     039D                     	;# 
   154     039E                     	;# 
   155     039F                     	;# 
   156     0FE4                     	;# 
   157     0FE5                     	;# 
   158     0FE6                     	;# 
   159     0FE7                     	;# 
   160     0FE8                     	;# 
   161     0FE9                     	;# 
   162     0FEA                     	;# 
   163     0FEB                     	;# 
   164     0FED                     	;# 
   165     0FEE                     	;# 
   166     0FEF                     	;# 
   167     0000                     	;# 
   168     0001                     	;# 
   169     0002                     	;# 
   170     0003                     	;# 
   171     0004                     	;# 
   172     0005                     	;# 
   173     0006                     	;# 
   174     0007                     	;# 
   175     0008                     	;# 
   176     0009                     	;# 
   177     000A                     	;# 
   178     000B                     	;# 
   179     000C                     	;# 
   180     0011                     	;# 
   181     0012                     	;# 
   182     0015                     	;# 
   183     0016                     	;# 
   184     0016                     	;# 
   185     0017                     	;# 
   186     0018                     	;# 
   187     0019                     	;# 
   188     001A                     	;# 
   189     001B                     	;# 
   190     001C                     	;# 
   191     001E                     	;# 
   192     001F                     	;# 
   193     008C                     	;# 
   194     0091                     	;# 
   195     0092                     	;# 
   196     0095                     	;# 
   197     0096                     	;# 
   198     0097                     	;# 
   199     0098                     	;# 
   200     0099                     	;# 
   201     009A                     	;# 
   202     009B                     	;# 
   203     009B                     	;# 
   204     009C                     	;# 
   205     009D                     	;# 
   206     009E                     	;# 
   207     010C                     	;# 
   208     0111                     	;# 
   209     0112                     	;# 
   210     0115                     	;# 
   211     0116                     	;# 
   212     0117                     	;# 
   213     0118                     	;# 
   214     0119                     	;# 
   215     011A                     	;# 
   216     011B                     	;# 
   217     011D                     	;# 
   218     011D                     	;# 
   219     018C                     	;# 
   220     0191                     	;# 
   221     0191                     	;# 
   222     0192                     	;# 
   223     0193                     	;# 
   224     0193                     	;# 
   225     0193                     	;# 
   226     0194                     	;# 
   227     0195                     	;# 
   228     0196                     	;# 
   229     0197                     	;# 
   230     0199                     	;# 
   231     019A                     	;# 
   232     019B                     	;# 
   233     019B                     	;# 
   234     019B                     	;# 
   235     019B                     	;# 
   236     019C                     	;# 
   237     019C                     	;# 
   238     019D                     	;# 
   239     019E                     	;# 
   240     019F                     	;# 
   241     020C                     	;# 
   242     0211                     	;# 
   243     0211                     	;# 
   244     0212                     	;# 
   245     0212                     	;# 
   246     0213                     	;# 
   247     0213                     	;# 
   248     0214                     	;# 
   249     0214                     	;# 
   250     0215                     	;# 
   251     0215                     	;# 
   252     0215                     	;# 
   253     0216                     	;# 
   254     0216                     	;# 
   255     0217                     	;# 
   256     0217                     	;# 
   257     0291                     	;# 
   258     0291                     	;# 
   259     0292                     	;# 
   260     0293                     	;# 
   261     0294                     	;# 
   262     0295                     	;# 
   263     0295                     	;# 
   264     0296                     	;# 
   265     0391                     	;# 
   266     0392                     	;# 
   267     0393                     	;# 
   268     039A                     	;# 
   269     039C                     	;# 
   270     039D                     	;# 
   271     039E                     	;# 
   272     039F                     	;# 
   273     0FE4                     	;# 
   274     0FE5                     	;# 
   275     0FE6                     	;# 
   276     0FE7                     	;# 
   277     0FE8                     	;# 
   278     0FE9                     	;# 
   279     0FEA                     	;# 
   280     0FEB                     	;# 
   281     0FED                     	;# 
   282     0FEE                     	;# 
   283     0FEF                     	;# 
   284     0000                     	;# 
   285     0001                     	;# 
   286     0002                     	;# 
   287     0003                     	;# 
   288     0004                     	;# 
   289     0005                     	;# 
   290     0006                     	;# 
   291     0007                     	;# 
   292     0008                     	;# 
   293     0009                     	;# 
   294     000A                     	;# 
   295     000B                     	;# 
   296     000C                     	;# 
   297     0011                     	;# 
   298     0012                     	;# 
   299     0015                     	;# 
   300     0016                     	;# 
   301     0016                     	;# 
   302     0017                     	;# 
   303     0018                     	;# 
   304     0019                     	;# 
   305     001A                     	;# 
   306     001B                     	;# 
   307     001C                     	;# 
   308     001E                     	;# 
   309     001F                     	;# 
   310     008C                     	;# 
   311     0091                     	;# 
   312     0092                     	;# 
   313     0095                     	;# 
   314     0096                     	;# 
   315     0097                     	;# 
   316     0098                     	;# 
   317     0099                     	;# 
   318     009A                     	;# 
   319     009B                     	;# 
   320     009B                     	;# 
   321     009C                     	;# 
   322     009D                     	;# 
   323     009E                     	;# 
   324     010C                     	;# 
   325     0111                     	;# 
   326     0112                     	;# 
   327     0115                     	;# 
   328     0116                     	;# 
   329     0117                     	;# 
   330     0118                     	;# 
   331     0119                     	;# 
   332     011A                     	;# 
   333     011B                     	;# 
   334     011D                     	;# 
   335     011D                     	;# 
   336     018C                     	;# 
   337     0191                     	;# 
   338     0191                     	;# 
   339     0192                     	;# 
   340     0193                     	;# 
   341     0193                     	;# 
   342     0193                     	;# 
   343     0194                     	;# 
   344     0195                     	;# 
   345     0196                     	;# 
   346     0197                     	;# 
   347     0199                     	;# 
   348     019A                     	;# 
   349     019B                     	;# 
   350     019B                     	;# 
   351     019B                     	;# 
   352     019B                     	;# 
   353     019C                     	;# 
   354     019C                     	;# 
   355     019D                     	;# 
   356     019E                     	;# 
   357     019F                     	;# 
   358     020C                     	;# 
   359     0211                     	;# 
   360     0211                     	;# 
   361     0212                     	;# 
   362     0212                     	;# 
   363     0213                     	;# 
   364     0213                     	;# 
   365     0214                     	;# 
   366     0214                     	;# 
   367     0215                     	;# 
   368     0215                     	;# 
   369     0215                     	;# 
   370     0216                     	;# 
   371     0216                     	;# 
   372     0217                     	;# 
   373     0217                     	;# 
   374     0291                     	;# 
   375     0291                     	;# 
   376     0292                     	;# 
   377     0293                     	;# 
   378     0294                     	;# 
   379     0295                     	;# 
   380     0295                     	;# 
   381     0296                     	;# 
   382     0391                     	;# 
   383     0392                     	;# 
   384     0393                     	;# 
   385     039A                     	;# 
   386     039C                     	;# 
   387     039D                     	;# 
   388     039E                     	;# 
   389     039F                     	;# 
   390     0FE4                     	;# 
   391     0FE5                     	;# 
   392     0FE6                     	;# 
   393     0FE7                     	;# 
   394     0FE8                     	;# 
   395     0FE9                     	;# 
   396     0FEA                     	;# 
   397     0FEB                     	;# 
   398     0FED                     	;# 
   399     0FEE                     	;# 
   400     0FEF                     	;# 
   401                           
   402                           	psect	stringtext1
   403     0800                     __pstringtext1:
   404     0800                     _CODE:
   405     0800  343F               	retlw	63
   406     0801  3400               	retlw	0
   407     0802  3406               	retlw	6
   408     0803  3400               	retlw	0
   409     0804  345B               	retlw	91
   410     0805  3400               	retlw	0
   411     0806  344F               	retlw	79
   412     0807  3400               	retlw	0
   413     0808  3466               	retlw	102
   414     0809  3400               	retlw	0
   415     080A  346D               	retlw	109
   416     080B  3400               	retlw	0
   417     080C  347D               	retlw	125
   418     080D  3400               	retlw	0
   419     080E  3407               	retlw	7
   420     080F  3400               	retlw	0
   421     0810  347F               	retlw	127
   422     0811  3400               	retlw	0
   423     0812  346F               	retlw	111
   424     0813  3400               	retlw	0
   425     0814                     __end_of_CODE:
   426     008C                     _TRISAbits	set	140
   427     010C                     _LATAbits	set	268
   428                           
   429                           	psect	cinit
   430     07FD                     start_initialization:	
   431                           ; #config settings
   432                           
   433     07FD                     __initialization:
   434     07FD                     end_of_initialization:	
   435                           ;End of C runtime variable initialization code
   436                           
   437     07FD                     __end_of__initialization:
   438     07FD  0020               	movlb	0
   439     07FE  3187  2F42         	ljmp	_main	;jump to C main() function
   440                           
   441                           	psect	cstackCOMMON
   442     0070                     __pcstackCOMMON:
   443     0070                     ?_PIC12F1840_Init:
   444     0070                     ??_PIC12F1840_Init:	
   445                           ; 1 bytes @ 0x0
   446                           
   447     0070                     ?_TM1620_Init:	
   448                           ; 1 bytes @ 0x0
   449                           
   450     0070                     ?_TM1620_Dis:	
   451                           ; 1 bytes @ 0x0
   452                           
   453     0070                     ?_main:	
   454                           ; 1 bytes @ 0x0
   455                           
   456     0070                     ?_TM1620Sendata:	
   457                           ; 1 bytes @ 0x0
   458                           
   459     0070                     ?_TM1620Sencmd:	
   460                           ; 1 bytes @ 0x0
   461                           
   462     0070                     TM1620Sendata@TM1620Data:	
   463                           ; 1 bytes @ 0x0
   464                           
   465                           
   466                           ; 2 bytes @ 0x0
   467     0070                     	ds	2
   468     0072                     ??_TM1620Sendata:
   469                           
   470                           ; 1 bytes @ 0x2
   471     0072                     	ds	4
   472     0076                     TM1620Sendata@i:
   473                           
   474                           ; 1 bytes @ 0x6
   475     0076                     	ds	1
   476     0077                     ??_TM1620Sencmd:
   477                           
   478                           ; 1 bytes @ 0x7
   479     0077                     	ds	2
   480     0079                     TM1620Sencmd@com:
   481                           
   482                           ; 1 bytes @ 0x9
   483     0079                     	ds	1
   484     007A                     ??_TM1620_Init:
   485     007A                     ??_TM1620_Dis:	
   486                           ; 1 bytes @ 0xA
   487                           
   488                           
   489                           ; 1 bytes @ 0xA
   490     007A                     	ds	1
   491     007B                     ??_main:
   492                           
   493                           ; 1 bytes @ 0xB
   494     007B                     	ds	1
   495                           
   496                           	psect	maintext
   497     0742                     __pmaintext:	
   498 ;;
   499 ;;Main: autosize = 0, tempsize = 1, incstack = 0, save=0
   500 ;;
   501 ;; *************** function _main *****************
   502 ;; Defined at:
   503 ;;		line 6 in file "main.c"
   504 ;; Parameters:    Size  Location     Type
   505 ;;		None
   506 ;; Auto vars:     Size  Location     Type
   507 ;;		None
   508 ;; Return value:  Size  Location     Type
   509 ;;                  1    wreg      void 
   510 ;; Registers used:
   511 ;;		wreg, fsr0l, fsr0h, status,2, status,0, pclath, cstack
   512 ;; Tracked objects:
   513 ;;		On entry : B1F/0
   514 ;;		On exit  : 0/0
   515 ;;		Unchanged: 0/0
   516 ;; Data sizes:     COMMON   BANK0   BANK1   BANK2
   517 ;;      Params:         0       0       0       0
   518 ;;      Locals:         0       0       0       0
   519 ;;      Temps:          1       0       0       0
   520 ;;      Totals:         1       0       0       0
   521 ;;Total ram usage:        1 bytes
   522 ;; Hardware stack levels required when called: 3
   523 ;; This function calls:
   524 ;;		_PIC12F1840_Init
   525 ;;		_TM1620_Dis
   526 ;;		_TM1620_Init
   527 ;; This function is called by:
   528 ;;		Startup code after reset
   529 ;; This function uses a non-reentrant model
   530 ;;
   531                           
   532     0742                     _main:	
   533                           ;psect for function _main
   534                           
   535     0742                     l757:	
   536                           ;incstack = 0
   537                           ; Regs used in _main: [wreg-fsr0h+status,2+status,0+pclath+cstack]
   538                           
   539                           
   540                           ;main.c: 8:  PIC12F1840_Init();
   541     0742  3187  2731  3187   	fcall	_PIC12F1840_Init
   542     0745                     l759:
   543                           
   544                           ;main.c: 9:  TM1620_Init();
   545     0745  3187  2724  3187   	fcall	_TM1620_Init
   546     0748                     l761:
   547                           
   548                           ;main.c: 11:  {;main.c: 12:   TM1620_Dis();
   549     0748  3187  279E  3187   	fcall	_TM1620_Dis
   550     074B                     l763:
   551                           
   552                           ;main.c: 13:   _delay((unsigned long)((20)*(32000000/4000.0)));
   553     074B  30D0               	movlw	208
   554     074C  00FB               	movwf	??_main
   555     074D  30CA               	movlw	202
   556     074E                     u57:
   557     074E  0B89               	decfsz	9,f
   558     074F  2F4E               	goto	u57
   559     0750  0BFB               	decfsz	??_main,f
   560     0751  2F4E               	goto	u57
   561     0752  2F48               	goto	l761
   562     0753  3180  2802         	ljmp	start
   563     0755                     __end_of_main:
   564                           
   565                           	psect	text1
   566     0724                     __ptext1:	
   567 ;; *************** function _TM1620_Init *****************
   568 ;; Defined at:
   569 ;;		line 43 in file "Dew_Sensor.c"
   570 ;; Parameters:    Size  Location     Type
   571 ;;		None
   572 ;; Auto vars:     Size  Location     Type
   573 ;;		None
   574 ;; Return value:  Size  Location     Type
   575 ;;                  1    wreg      void 
   576 ;; Registers used:
   577 ;;		wreg, status,2, status,0, pclath, cstack
   578 ;; Tracked objects:
   579 ;;		On entry : 0/0
   580 ;;		On exit  : 0/0
   581 ;;		Unchanged: 0/0
   582 ;; Data sizes:     COMMON   BANK0   BANK1   BANK2
   583 ;;      Params:         0       0       0       0
   584 ;;      Locals:         0       0       0       0
   585 ;;      Temps:          0       0       0       0
   586 ;;      Totals:         0       0       0       0
   587 ;;Total ram usage:        0 bytes
   588 ;; Hardware stack levels used: 1
   589 ;; Hardware stack levels required when called: 2
   590 ;; This function calls:
   591 ;;		_TM1620Sencmd
   592 ;; This function is called by:
   593 ;;		_main
   594 ;; This function uses a non-reentrant model
   595 ;;
   596                           
   597     0724                     _TM1620_Init:	
   598                           ;psect for function _TM1620_Init
   599                           
   600     0724                     l731:	
   601                           ;incstack = 0
   602                           ; Regs used in _TM1620_Init: [wreg+status,2+status,0+pclath+cstack]
   603                           
   604                           
   605                           ;Dew_Sensor.c: 45:  TM1620Sencmd(0x02);
   606     0724  3002               	movlw	2
   607     0725  3187  2755  3187   	fcall	_TM1620Sencmd
   608                           
   609                           ;Dew_Sensor.c: 46:  TM1620Sencmd(0x40);
   610     0728  3040               	movlw	64
   611     0729  3187  2755  3187   	fcall	_TM1620Sencmd
   612                           
   613                           ;Dew_Sensor.c: 47:     TM1620Sencmd(0xC0);
   614     072C  30C0               	movlw	192
   615     072D  3187  2755  3187   	fcall	_TM1620Sencmd
   616     0730                     l40:
   617     0730  0008               	return
   618     0731                     __end_of_TM1620_Init:
   619                           
   620                           	psect	text2
   621     079E                     __ptext2:	
   622 ;; *************** function _TM1620_Dis *****************
   623 ;; Defined at:
   624 ;;		line 50 in file "Dew_Sensor.c"
   625 ;; Parameters:    Size  Location     Type
   626 ;;		None
   627 ;; Auto vars:     Size  Location     Type
   628 ;;		None
   629 ;; Return value:  Size  Location     Type
   630 ;;                  1    wreg      void 
   631 ;; Registers used:
   632 ;;		wreg, fsr0l, fsr0h, status,2, status,0, pclath, cstack
   633 ;; Tracked objects:
   634 ;;		On entry : 0/0
   635 ;;		On exit  : 0/0
   636 ;;		Unchanged: 0/0
   637 ;; Data sizes:     COMMON   BANK0   BANK1   BANK2
   638 ;;      Params:         0       0       0       0
   639 ;;      Locals:         0       0       0       0
   640 ;;      Temps:          1       0       0       0
   641 ;;      Totals:         1       0       0       0
   642 ;;Total ram usage:        1 bytes
   643 ;; Hardware stack levels used: 1
   644 ;; Hardware stack levels required when called: 2
   645 ;; This function calls:
   646 ;;		_TM1620Sencmd
   647 ;;		_TM1620Sendata
   648 ;; This function is called by:
   649 ;;		_main
   650 ;; This function uses a non-reentrant model
   651 ;;
   652                           
   653     079E                     _TM1620_Dis:	
   654                           ;psect for function _TM1620_Dis
   655                           
   656     079E                     l733:	
   657                           ;incstack = 0
   658                           ; Regs used in _TM1620_Dis: [wreg-fsr0h+status,2+status,0+pclath+cstack]
   659                           
   660                           
   661                           ;Dew_Sensor.c: 53:     TM1620Sendata(CODE[0]);
   662     079E  3000               	movlw	low (_CODE| (0+32768))
   663     079F  0084               	movwf	4
   664     07A0  3088               	movlw	high (_CODE| (0+32768))
   665     07A1  0085               	movwf	5
   666     07A2  3F00               	moviw [0]fsr0
   667     07A3  00F0               	movwf	TM1620Sendata@TM1620Data
   668     07A4  3F01               	moviw [1]fsr0
   669     07A5  00F1               	movwf	TM1620Sendata@TM1620Data+1
   670     07A6  3187  2775  3187   	fcall	_TM1620Sendata
   671     07A9                     l735:
   672                           
   673                           ;Dew_Sensor.c: 54:     TM1620Sendata(0x00);
   674     07A9  3000               	movlw	0
   675     07AA  00F0               	movwf	TM1620Sendata@TM1620Data
   676     07AB  00F1               	movwf	TM1620Sendata@TM1620Data+1
   677     07AC  3187  2775  3187   	fcall	_TM1620Sendata
   678     07AF                     l737:
   679                           
   680                           ;Dew_Sensor.c: 55:  TM1620Sendata(CODE[1]);
   681     07AF  3002               	movlw	low ((_CODE+2)| (0+32768))
   682     07B0  0084               	movwf	4
   683     07B1  3088               	movlw	high ((_CODE+2)| (0+32768))
   684     07B2  0085               	movwf	5
   685     07B3  3F00               	moviw [0]fsr0
   686     07B4  00F0               	movwf	TM1620Sendata@TM1620Data
   687     07B5  3F01               	moviw [1]fsr0
   688     07B6  00F1               	movwf	TM1620Sendata@TM1620Data+1
   689     07B7  3187  2775  3187   	fcall	_TM1620Sendata
   690                           
   691                           ;Dew_Sensor.c: 56:     TM1620Sendata(0x00);
   692     07BA  3000               	movlw	0
   693     07BB  00F0               	movwf	TM1620Sendata@TM1620Data
   694     07BC  00F1               	movwf	TM1620Sendata@TM1620Data+1
   695     07BD  3187  2775  3187   	fcall	_TM1620Sendata
   696     07C0                     l739:
   697                           
   698                           ;Dew_Sensor.c: 57:  TM1620Sendata(CODE[2]);
   699     07C0  3004               	movlw	low ((_CODE+4)| (0+32768))
   700     07C1  0084               	movwf	4
   701     07C2  3088               	movlw	high ((_CODE+4)| (0+32768))
   702     07C3  0085               	movwf	5
   703     07C4  3F00               	moviw [0]fsr0
   704     07C5  00F0               	movwf	TM1620Sendata@TM1620Data
   705     07C6  3F01               	moviw [1]fsr0
   706     07C7  00F1               	movwf	TM1620Sendata@TM1620Data+1
   707     07C8  3187  2775  3187   	fcall	_TM1620Sendata
   708     07CB                     l741:
   709                           
   710                           ;Dew_Sensor.c: 58:     TM1620Sendata(0x00);
   711     07CB  3000               	movlw	0
   712     07CC  00F0               	movwf	TM1620Sendata@TM1620Data
   713     07CD  00F1               	movwf	TM1620Sendata@TM1620Data+1
   714     07CE  3187  2775  3187   	fcall	_TM1620Sendata
   715                           
   716                           ;Dew_Sensor.c: 59:  TM1620Sendata(CODE[3]);
   717     07D1  3006               	movlw	low ((_CODE+6)| (0+32768))
   718     07D2  0084               	movwf	4
   719     07D3  3088               	movlw	high ((_CODE+6)| (0+32768))
   720     07D4  0085               	movwf	5
   721     07D5  3F00               	moviw [0]fsr0
   722     07D6  00F0               	movwf	TM1620Sendata@TM1620Data
   723     07D7  3F01               	moviw [1]fsr0
   724     07D8  00F1               	movwf	TM1620Sendata@TM1620Data+1
   725     07D9  3187  2775  3187   	fcall	_TM1620Sendata
   726     07DC                     l743:
   727                           
   728                           ;Dew_Sensor.c: 60:     TM1620Sendata(0x00);
   729     07DC  3000               	movlw	0
   730     07DD  00F0               	movwf	TM1620Sendata@TM1620Data
   731     07DE  00F1               	movwf	TM1620Sendata@TM1620Data+1
   732     07DF  3187  2775  3187   	fcall	_TM1620Sendata
   733     07E2                     l745:
   734                           
   735                           ;Dew_Sensor.c: 62:  LATAbits.LATA0 = 1;
   736     07E2  0022               	movlb	2	; select bank2
   737     07E3  140C               	bsf	12,0	;volatile
   738     07E4                     l747:
   739                           
   740                           ;Dew_Sensor.c: 63:  _delay((unsigned long)((1)*(32000000/4000.0)));
   741     07E4  300B               	movlw	11
   742     07E5  00FA               	movwf	??_TM1620_Dis
   743     07E6  3062               	movlw	98
   744     07E7                     u67:
   745     07E7  0B89               	decfsz	9,f
   746     07E8  2FE7               	goto	u67
   747     07E9  0BFA               	decfsz	??_TM1620_Dis,f
   748     07EA  2FE7               	goto	u67
   749     07EB  3200               	nop2
   750     07EC                     l749:
   751                           
   752                           ;Dew_Sensor.c: 64:  LATAbits.LATA0 = 0;
   753     07EC  0022               	movlb	2	; select bank2
   754     07ED  100C               	bcf	12,0	;volatile
   755     07EE                     l751:
   756                           
   757                           ;Dew_Sensor.c: 65:  _delay((unsigned long)((1)*(32000000/4000.0)));
   758     07EE  300B               	movlw	11
   759     07EF  00FA               	movwf	??_TM1620_Dis
   760     07F0  3062               	movlw	98
   761     07F1                     u77:
   762     07F1  0B89               	decfsz	9,f
   763     07F2  2FF1               	goto	u77
   764     07F3  0BFA               	decfsz	??_TM1620_Dis,f
   765     07F4  2FF1               	goto	u77
   766     07F5  3200               	nop2
   767     07F6                     l753:
   768                           
   769                           ;Dew_Sensor.c: 66:  TM1620Sencmd(0x8F);
   770     07F6  308F               	movlw	143
   771     07F7  3187  2755  3187   	fcall	_TM1620Sencmd
   772     07FA                     l755:
   773                           
   774                           ;Dew_Sensor.c: 67:  LATAbits.LATA0 = 1;
   775     07FA  0022               	movlb	2	; select bank2
   776     07FB  140C               	bsf	12,0	;volatile
   777     07FC                     l43:
   778     07FC  0008               	return
   779     07FD                     __end_of_TM1620_Dis:
   780                           
   781                           	psect	text3
   782     0755                     __ptext3:	
   783 ;; *************** function _TM1620Sencmd *****************
   784 ;; Defined at:
   785 ;;		line 33 in file "Dew_Sensor.c"
   786 ;; Parameters:    Size  Location     Type
   787 ;;  com             1    wreg     unsigned char 
   788 ;; Auto vars:     Size  Location     Type
   789 ;;  com             1    9[COMMON] unsigned char 
   790 ;; Return value:  Size  Location     Type
   791 ;;                  1    wreg      void 
   792 ;; Registers used:
   793 ;;		wreg, status,2, status,0, pclath, cstack
   794 ;; Tracked objects:
   795 ;;		On entry : 0/0
   796 ;;		On exit  : 0/0
   797 ;;		Unchanged: 0/0
   798 ;; Data sizes:     COMMON   BANK0   BANK1   BANK2
   799 ;;      Params:         0       0       0       0
   800 ;;      Locals:         1       0       0       0
   801 ;;      Temps:          2       0       0       0
   802 ;;      Totals:         3       0       0       0
   803 ;;Total ram usage:        3 bytes
   804 ;; Hardware stack levels used: 1
   805 ;; Hardware stack levels required when called: 1
   806 ;; This function calls:
   807 ;;		_TM1620Sendata
   808 ;; This function is called by:
   809 ;;		_TM1620_Init
   810 ;;		_TM1620_Dis
   811 ;; This function uses a non-reentrant model
   812 ;;
   813                           
   814     0755                     _TM1620Sencmd:	
   815                           ;psect for function _TM1620Sencmd
   816                           
   817                           
   818                           ;incstack = 0
   819                           ; Regs used in _TM1620Sencmd: [wreg+status,2+status,0+pclath+cstack]
   820                           ;TM1620Sencmd@com stored from wreg
   821     0755  00F9               	movwf	TM1620Sencmd@com
   822     0756                     l723:
   823                           
   824                           ;Dew_Sensor.c: 33: void TM1620Sencmd(char com);Dew_Sensor.c: 34:  {;Dew_Sensor.c: 35:  L
      +                          ATAbits.LATA0 = 1;
   825     0756  0022               	movlb	2	; select bank2
   826     0757  140C               	bsf	12,0	;volatile
   827     0758                     l725:
   828                           
   829                           ;Dew_Sensor.c: 36:  _delay((unsigned long)((1)*(32000000/4000.0)));
   830     0758  300B               	movlw	11
   831     0759  00F7               	movwf	??_TM1620Sencmd
   832     075A  3062               	movlw	98
   833     075B                     u87:
   834     075B  0B89               	decfsz	9,f
   835     075C  2F5B               	goto	u87
   836     075D  0BF7               	decfsz	??_TM1620Sencmd,f
   837     075E  2F5B               	goto	u87
   838     075F  3200               	nop2
   839     0760                     l727:
   840                           
   841                           ;Dew_Sensor.c: 37:  LATAbits.LATA0 = 0;
   842     0760  0022               	movlb	2	; select bank2
   843     0761  100C               	bcf	12,0	;volatile
   844                           
   845                           ;Dew_Sensor.c: 38:  _delay((unsigned long)((1)*(32000000/4000.0)));
   846     0762  300B               	movlw	11
   847     0763  00F7               	movwf	??_TM1620Sencmd
   848     0764  3062               	movlw	98
   849     0765                     u97:
   850     0765  0B89               	decfsz	9,f
   851     0766  2F65               	goto	u97
   852     0767  0BF7               	decfsz	??_TM1620Sencmd,f
   853     0768  2F65               	goto	u97
   854     0769  3200               	nop2
   855     076A                     l729:
   856                           
   857                           ;Dew_Sensor.c: 39:  TM1620Sendata(com);
   858     076A  0879               	movf	TM1620Sencmd@com,w
   859     076B  00F7               	movwf	??_TM1620Sencmd
   860     076C  01F8               	clrf	??_TM1620Sencmd+1
   861     076D  0877               	movf	??_TM1620Sencmd,w
   862     076E  00F0               	movwf	TM1620Sendata@TM1620Data
   863     076F  0878               	movf	??_TM1620Sencmd+1,w
   864     0770  00F1               	movwf	TM1620Sendata@TM1620Data+1
   865     0771  3187  2775  3187   	fcall	_TM1620Sendata
   866     0774                     l37:
   867     0774  0008               	return
   868     0775                     __end_of_TM1620Sencmd:
   869                           
   870                           	psect	text4
   871     0775                     __ptext4:	
   872 ;; *************** function _TM1620Sendata *****************
   873 ;; Defined at:
   874 ;;		line 21 in file "Dew_Sensor.c"
   875 ;; Parameters:    Size  Location     Type
   876 ;;  TM1620Data      2    0[COMMON] int 
   877 ;; Auto vars:     Size  Location     Type
   878 ;;  i               1    6[COMMON] unsigned char 
   879 ;; Return value:  Size  Location     Type
   880 ;;                  1    wreg      void 
   881 ;; Registers used:
   882 ;;		wreg, status,2, status,0
   883 ;; Tracked objects:
   884 ;;		On entry : 0/0
   885 ;;		On exit  : 0/0
   886 ;;		Unchanged: 0/0
   887 ;; Data sizes:     COMMON   BANK0   BANK1   BANK2
   888 ;;      Params:         2       0       0       0
   889 ;;      Locals:         1       0       0       0
   890 ;;      Temps:          4       0       0       0
   891 ;;      Totals:         7       0       0       0
   892 ;;Total ram usage:        7 bytes
   893 ;; Hardware stack levels used: 1
   894 ;; This function calls:
   895 ;;		Nothing
   896 ;; This function is called by:
   897 ;;		_TM1620Sencmd
   898 ;;		_TM1620_Dis
   899 ;; This function uses a non-reentrant model
   900 ;;
   901                           
   902     0775                     _TM1620Sendata:	
   903                           ;psect for function _TM1620Sendata
   904                           
   905     0775                     l709:	
   906                           ;incstack = 0
   907                           ; Regs used in _TM1620Sendata: [wreg+status,2+status,0]
   908                           
   909                           
   910                           ;Dew_Sensor.c: 21: void TM1620Sendata(int TM1620Data);Dew_Sensor.c: 22: {;Dew_Sensor.c: 
      +                          23:  char i;;Dew_Sensor.c: 24:  for(i = 0; i < 8; i++)
   911     0775  01F6               	clrf	TM1620Sendata@i
   912     0776                     l32:
   913                           
   914                           ;Dew_Sensor.c: 25:  {;Dew_Sensor.c: 26:   LATAbits.LATA1 = 0;
   915     0776  0022               	movlb	2	; select bank2
   916     0777  108C               	bcf	12,1	;volatile
   917     0778                     l715:
   918                           
   919                           ;Dew_Sensor.c: 27:   LATAbits.LATA2 = 1 & (TM1620Data >> i);
   920     0778  0A76               	incf	TM1620Sendata@i,w
   921     0779  00F2               	movwf	??_TM1620Sendata
   922     077A  0871               	movf	TM1620Sendata@TM1620Data+1,w
   923     077B  00F4               	movwf	??_TM1620Sendata+2
   924     077C  0870               	movf	TM1620Sendata@TM1620Data,w
   925     077D  00F3               	movwf	??_TM1620Sendata+1
   926     077E  2F82               	goto	u34
   927     077F                     u35:
   928     077F  0D74               	rlf	??_TM1620Sendata+2,w
   929     0780  0CF4               	rrf	??_TM1620Sendata+2,f
   930     0781  0CF3               	rrf	??_TM1620Sendata+1,f
   931     0782                     u34:
   932     0782  0BF2               	decfsz	??_TM1620Sendata,f
   933     0783  2F7F               	goto	u35
   934     0784  0873               	movf	??_TM1620Sendata+1,w
   935     0785  3901               	andlw	1
   936     0786  00F5               	movwf	??_TM1620Sendata+3
   937     0787  0DF5               	rlf	??_TM1620Sendata+3,f
   938     0788  0DF5               	rlf	??_TM1620Sendata+3,f
   939     0789  0022               	movlb	2	; select bank2
   940     078A  080C               	movf	12,w	;volatile
   941     078B  0675               	xorwf	??_TM1620Sendata+3,w
   942     078C  39FB               	andlw	-5
   943     078D  0675               	xorwf	??_TM1620Sendata+3,w
   944     078E  008C               	movwf	12	;volatile
   945     078F                     l717:
   946                           
   947                           ;Dew_Sensor.c: 28:   LATAbits.LATA1 = 1;
   948     078F  148C               	bsf	12,1	;volatile
   949     0790                     l719:
   950                           
   951                           ;Dew_Sensor.c: 29:   _delay((unsigned long)((3)*(32000000/4000000.0)));
   952     0790  3008               	movlw	8
   953     0791                     u107:
   954     0791  0B89               	decfsz	9,f
   955     0792  2F91               	goto	u107
   956     0793                     l721:
   957                           
   958                           ;Dew_Sensor.c: 30:  }
   959     0793  3001               	movlw	1
   960     0794  00F2               	movwf	??_TM1620Sendata
   961     0795  0872               	movf	??_TM1620Sendata,w
   962     0796  07F6               	addwf	TM1620Sendata@i,f
   963     0797  3008               	movlw	8
   964     0798  0276               	subwf	TM1620Sendata@i,w
   965     0799  1C03               	skipc
   966     079A  2F9C               	goto	u41
   967     079B  2F9D               	goto	u40
   968     079C                     u41:
   969     079C  2F76               	goto	l32
   970     079D                     u40:
   971     079D                     l34:
   972     079D  0008               	return
   973     079E                     __end_of_TM1620Sendata:
   974                           
   975                           	psect	text5
   976     0731                     __ptext5:	
   977 ;; *************** function _PIC12F1840_Init *****************
   978 ;; Defined at:
   979 ;;		line 6 in file "Dew_Sensor.c"
   980 ;; Parameters:    Size  Location     Type
   981 ;;		None
   982 ;; Auto vars:     Size  Location     Type
   983 ;;		None
   984 ;; Return value:  Size  Location     Type
   985 ;;                  1    wreg      void 
   986 ;; Registers used:
   987 ;;		None
   988 ;; Tracked objects:
   989 ;;		On entry : 0/0
   990 ;;		On exit  : 0/0
   991 ;;		Unchanged: 0/0
   992 ;; Data sizes:     COMMON   BANK0   BANK1   BANK2
   993 ;;      Params:         0       0       0       0
   994 ;;      Locals:         0       0       0       0
   995 ;;      Temps:          0       0       0       0
   996 ;;      Totals:         0       0       0       0
   997 ;;Total ram usage:        0 bytes
   998 ;; Hardware stack levels used: 1
   999 ;; This function calls:
  1000 ;;		Nothing
  1001 ;; This function is called by:
  1002 ;;		_main
  1003 ;; This function uses a non-reentrant model
  1004 ;;
  1005                           
  1006     0731                     _PIC12F1840_Init:	
  1007                           ;psect for function _PIC12F1840_Init
  1008                           
  1009     0731                     l673:	
  1010                           ;incstack = 0
  1011                           ; Regs used in _PIC12F1840_Init: []
  1012                           
  1013                           
  1014                           ;Dew_Sensor.c: 8:  LATAbits.LATA0 = 1;
  1015     0731  0022               	movlb	2	; select bank2
  1016     0732  140C               	bsf	12,0	;volatile
  1017                           
  1018                           ;Dew_Sensor.c: 9:  TRISAbits.TRISA0 = 0;
  1019     0733  0021               	movlb	1	; select bank1
  1020     0734  100C               	bcf	12,0	;volatile
  1021                           
  1022                           ;Dew_Sensor.c: 11:  LATAbits.LATA1 = 1;
  1023     0735  0022               	movlb	2	; select bank2
  1024     0736  148C               	bsf	12,1	;volatile
  1025                           
  1026                           ;Dew_Sensor.c: 12:  TRISAbits.TRISA1 = 0;
  1027     0737  0021               	movlb	1	; select bank1
  1028     0738  108C               	bcf	12,1	;volatile
  1029                           
  1030                           ;Dew_Sensor.c: 14:  LATAbits.LATA2 = 1;
  1031     0739  0022               	movlb	2	; select bank2
  1032     073A  150C               	bsf	12,2	;volatile
  1033                           
  1034                           ;Dew_Sensor.c: 15:  TRISAbits.TRISA2 = 0;
  1035     073B  0021               	movlb	1	; select bank1
  1036     073C  110C               	bcf	12,2	;volatile
  1037                           
  1038                           ;Dew_Sensor.c: 17:  LATAbits.LATA4 = 0;
  1039     073D  0022               	movlb	2	; select bank2
  1040     073E  120C               	bcf	12,4	;volatile
  1041                           
  1042                           ;Dew_Sensor.c: 18:  TRISAbits.TRISA4 = 0;
  1043     073F  0021               	movlb	1	; select bank1
  1044     0740  120C               	bcf	12,4	;volatile
  1045     0741                     l29:
  1046     0741  0008               	return
  1047     0742                     __end_of_PIC12F1840_Init:
  1048     007E                     btemp	set	126	;btemp
  1049     007E                     wtemp0	set	126
  1050                           
  1051                           	psect	config
  1052                           
  1053                           ;Config register CONFIG1 @ 0x8007
  1054                           ;	Oscillator Selection
  1055                           ;	FOSC = INTOSC, INTOSC oscillator: I/O function on CLKIN pin
  1056                           ;	Watchdog Timer Enable
  1057                           ;	WDTE = OFF, WDT disabled
  1058                           ;	Power-up Timer Enable
  1059                           ;	PWRTE = OFF, PWRT disabled
  1060                           ;	MCLR Pin Function Select
  1061                           ;	MCLRE = ON, MCLR/VPP pin function is MCLR
  1062                           ;	Flash Program Memory Code Protection
  1063                           ;	CP = OFF, Program memory code protection is disabled
  1064                           ;	Data Memory Code Protection
  1065                           ;	CPD = OFF, Data memory code protection is disabled
  1066                           ;	Brown-out Reset Enable
  1067                           ;	BOREN = ON, Brown-out Reset enabled
  1068                           ;	Clock Out Enable
  1069                           ;	CLKOUTEN = OFF, CLKOUT function is disabled. I/O or oscillator function on the CLKOUT 
      +                          pin
  1070                           ;	Internal/External Switchover
  1071                           ;	IESO = OFF, Internal/External Switchover mode is disabled
  1072                           ;	Fail-Safe Clock Monitor Enable
  1073                           ;	FCMEN = ON, Fail-Safe Clock Monitor is enabled
  1074     8007                     	org	32775
  1075     8007  2FE4               	dw	12260
  1076                           
  1077                           ;Config register CONFIG2 @ 0x8008
  1078                           ;	Flash Memory Self-Write Protection
  1079                           ;	WRT = OFF, Write protection off
  1080                           ;	PLL Enable
  1081                           ;	PLLEN = ON, 4x PLL enabled
  1082                           ;	Stack Overflow/Underflow Reset Enable
  1083                           ;	STVREN = ON, Stack Overflow or Underflow will cause a Reset
  1084                           ;	Brown-out Reset Voltage Selection
  1085                           ;	BORV = LO, Brown-out Reset Voltage (Vbor), low trip point selected.
  1086                           ;	In-Circuit Debugger Mode
  1087                           ;	DEBUG = OFF, In-Circuit Debugger disabled, ICSPCLK and ICSPDAT are general purpose I/O
      +                           pins
  1088                           ;	Low-Voltage Programming Enable
  1089                           ;	LVP = OFF, High-voltage on MCLR/VPP must be used for programming
  1090     8008                     	org	32776
  1091     8008  1FFF               	dw	8191

Data Sizes:
    Strings     0
    Constant    20
    Data        0
    BSS         0
    Persistent  32
    Stack       0

Auto Spaces:
    Space          Size  Autos    Used
    COMMON           14     12      12
    BANK0            80      0       0
    BANK1            80      0       0
    BANK2            80      0       0

Pointer List with Targets:

    None.

Critical Paths under _main in COMMON

    _main->_TM1620_Dis
    _TM1620_Init->_TM1620Sencmd
    _TM1620_Dis->_TM1620Sencmd
    _TM1620Sencmd->_TM1620Sendata

Critical Paths under _main in BANK0

    None.

Critical Paths under _main in BANK1

    None.

Critical Paths under _main in BANK2

    None.

Call Graph Tables:

 ---------------------------------------------------------------------------------
 (Depth) Function   	        Calls       Base Space   Used Autos Params    Refs
 ---------------------------------------------------------------------------------
 (0) _main                                                 1     1      0    2366
                                             11 COMMON     1     1      0
                    _PIC12F1840_Init
                         _TM1620_Dis
                        _TM1620_Init
 ---------------------------------------------------------------------------------
 (1) _TM1620_Init                                          0     0      0     796
                       _TM1620Sencmd
 ---------------------------------------------------------------------------------
 (1) _TM1620_Dis                                           1     1      0    1570
                                             10 COMMON     1     1      0
                       _TM1620Sencmd
                      _TM1620Sendata
 ---------------------------------------------------------------------------------
 (2) _TM1620Sencmd                                         3     3      0     796
                                              7 COMMON     3     3      0
                      _TM1620Sendata
 ---------------------------------------------------------------------------------
 (3) _TM1620Sendata                                        7     5      2     774
                                              0 COMMON     7     5      2
 ---------------------------------------------------------------------------------
 (1) _PIC12F1840_Init                                      0     0      0       0
 ---------------------------------------------------------------------------------
 Estimated maximum stack depth 3
 ---------------------------------------------------------------------------------

 Call Graph Graphs:

 _main (ROOT)
   _PIC12F1840_Init
   _TM1620_Dis
     _TM1620Sencmd
       _TM1620Sendata
     _TM1620Sendata
   _TM1620_Init
     _TM1620Sencmd

 Address spaces:
Name               Size   Autos  Total    Cost      Usage
BIGRAM              F0      0       0       0        0.0%
EEDATA             100      0       0       0        0.0%
NULL                 0      0       0       0        0.0%
CODE                 0      0       0       0        0.0%
BITCOMMON            E      0       0       1        0.0%
BITSFR0              0      0       0       1        0.0%
SFR0                 0      0       0       1        0.0%
COMMON               E      C       C       2       85.7%
BITSFR1              0      0       0       2        0.0%
SFR1                 0      0       0       2        0.0%
BITSFR2              0      0       0       3        0.0%
SFR2                 0      0       0       3        0.0%
STACK                0      0       0       3        0.0%
BITSFR3              0      0       0       4        0.0%
SFR3                 0      0       0       4        0.0%
ABS                  0      0       0       4        0.0%
BITBANK0            50      0       0       5        0.0%
BITSFR4              0      0       0       5        0.0%
SFR4                 0      0       0       5        0.0%
BANK0               50      0       0       6        0.0%
BITSFR5              0      0       0       6        0.0%
SFR5                 0      0       0       6        0.0%
BITBANK1            50      0       0       7        0.0%
BITSFR6              0      0       0       7        0.0%
SFR6                 0      0       0       7        0.0%
BANK1               50      0       0       8        0.0%
BITSFR7              0      0       0       8        0.0%
SFR7                 0      0       0       8        0.0%
BITBANK2            50      0       0       9        0.0%
BITSFR8              0      0       0       9        0.0%
SFR8                 0      0       0       9        0.0%
BANK2               50      0       0      10        0.0%
BITSFR9              0      0       0      10        0.0%
SFR9                 0      0       0      10        0.0%
BITSFR10             0      0       0      11        0.0%
SFR10                0      0       0      11        0.0%
DATA                 0      0       0      11        0.0%
BITSFR11             0      0       0      12        0.0%
SFR11                0      0       0      12        0.0%
BITSFR12             0      0       0      13        0.0%
SFR12                0      0       0      13        0.0%
BITSFR13             0      0       0      14        0.0%
SFR13                0      0       0      14        0.0%
BITSFR14             0      0       0      15        0.0%
SFR14                0      0       0      15        0.0%
BITSFR15             0      0       0      16        0.0%
SFR15                0      0       0      16        0.0%
BITSFR16             0      0       0      17        0.0%
SFR16                0      0       0      17        0.0%
BITSFR17             0      0       0      18        0.0%
SFR17                0      0       0      18        0.0%
BITSFR18             0      0       0      19        0.0%
SFR18                0      0       0      19        0.0%
BITSFR19             0      0       0      20        0.0%
SFR19                0      0       0      20        0.0%
BITSFR20             0      0       0      21        0.0%
SFR20                0      0       0      21        0.0%
BITSFR21             0      0       0      22        0.0%
SFR21                0      0       0      22        0.0%
BITSFR22             0      0       0      23        0.0%
SFR22                0      0       0      23        0.0%
BITSFR23             0      0       0      24        0.0%
SFR23                0      0       0      24        0.0%
BITSFR24             0      0       0      25        0.0%
SFR24                0      0       0      25        0.0%
BITSFR25             0      0       0      26        0.0%
SFR25                0      0       0      26        0.0%
BITSFR26             0      0       0      27        0.0%
SFR26                0      0       0      27        0.0%
BITSFR27             0      0       0      28        0.0%
SFR27                0      0       0      28        0.0%
BITSFR28             0      0       0      29        0.0%
SFR28                0      0       0      29        0.0%
BITSFR29             0      0       0      30        0.0%
SFR29                0      0       0      30        0.0%
BITSFR30             0      0       0      31        0.0%
SFR30                0      0       0      31        0.0%
BITSFR31             0      0       0      32        0.0%
SFR31                0      0       0      32        0.0%


Microchip Technology PIC Macro Assembler V2.45 build 20230818022343 
Symbol Table                                                                                   Mon Dec 11 16:42:22 2023

            ?_TM1620_Dis 0070             ?_TM1620_Init 0070            ?_TM1620Sencmd 0070  
                     l32 0776                       l40 0730                       l34 079D  
                     l43 07FC                       l29 0741                       l37 0774  
                     u40 079D                       u41 079C                       u34 0782  
                     u35 077F                       u57 074E                       u67 07E7  
                     u77 07F1                       u87 075B                       u97 0765  
         ?_TM1620Sendata 0070                      l721 0793                      l715 0778  
                    l723 0756                      l731 0724                      l717 078F  
                    l709 0775                      l725 0758                      l741 07CB  
                    l733 079E                      l719 0790                      l727 0760  
                    l751 07EE                      l743 07DC                      l735 07A9  
                    l673 0731                      l729 076A                      l753 07F6  
                    l745 07E2                      l737 07AF                      l761 0748  
                    l755 07FA                      l747 07E4                      l739 07C0  
                    l763 074B                      l749 07EC                      l757 0742  
                    l759 0745                      u107 0791                      wreg 0009  
                   _CODE 0800                     _main 0742                     fsr0h 0005  
                   fsr0l 0004                     btemp 007E                     start 0002  
         ??_TM1620Sencmd 0077                    ?_main 0070          _PIC12F1840_Init 0731  
                  wtemp0 007E             __end_of_CODE 0814          __initialization 07FD  
           __end_of_main 0755          ??_TM1620Sendata 0072                   ??_main 007B  
__end_of_PIC12F1840_Init 0742     __end_of_TM1620Sencmd 0775  __end_of__initialization 07FD  
           ??_TM1620_Dis 007A           __pcstackCOMMON 0070       __end_of_TM1620_Dis 07FD  
             __pmaintext 0742         ?_PIC12F1840_Init 0070           TM1620Sendata@i 0076  
                __ptext1 0724                  __ptext2 079E                  __ptext3 0755  
                __ptext4 0775                  __ptext5 0731     end_of_initialization 07FD  
           _TM1620Sencmd 0755    __end_of_TM1620Sendata 079E                _TRISAbits 008C  
          ??_TM1620_Init 007A      start_initialization 07FD      __end_of_TM1620_Init 0731  
              ___latbits 0001                 _LATAbits 010C          TM1620Sencmd@com 0079  
            _TM1620_Init 0724  TM1620Sendata@TM1620Data 0070        ??_PIC12F1840_Init 0070  
             _TM1620_Dis 079E            __pstringtext1 0800            _TM1620Sendata 0775  
